<?xml version="1.0" encoding="UTF-8"?>
<testng-results skipped="0" failed="0" ignored="0" total="1" passed="1">
  <reporter-output>
  </reporter-output>
  <suite name="Default suite" duration-ms="92175" started-at="2019-09-04T18:50:48Z" finished-at="2019-09-04T18:52:21Z">
    <groups>
    </groups>
    <test name="Default test" duration-ms="92175" started-at="2019-09-04T18:50:48Z" finished-at="2019-09-04T18:52:21Z">
      <class name="com.AceInvoice.Testcases.VerifySignUp">
        <test-method status="PASS" signature="verifyValidSignUp()[pri:0, instance:com.AceInvoice.Testcases.VerifySignUp@61d6015a]" name="verifyValidSignUp" duration-ms="92123" started-at="2019-09-04T18:50:48Z" finished-at="2019-09-04T18:52:21Z">
          <reporter-output>
          </reporter-output>
        </test-method> <!-- verifyValidSignUp -->
      </class> <!-- com.AceInvoice.Testcases.VerifySignUp -->
    </test> <!-- Default test -->
  </suite> <!-- Default suite -->
</testng-results>
